<?xml version="1.0" encoding="UTF-8"?>
<testng-results ignored="0" total="2" passed="1" failed="1" skipped="0">
  <reporter-output>
  </reporter-output>
  <suite started-at="2023-03-31T17:53:26 NZDT" name="Demo Web App test Suite" finished-at="2023-03-31T17:54:17 NZDT" duration-ms="50921">
    <groups>
    </groups>
    <test started-at="2023-03-31T17:53:26 NZDT" name="tests" finished-at="2023-03-31T17:54:17 NZDT" duration-ms="50921">
      <class name="tests.TestCase">
        <test-method is-config="true" signature="launchApplication()[pri:0, instance:tests.TestCase@7ed9ae94]" started-at="2023-03-31T17:53:26 NZDT" name="launchApplication" finished-at="2023-03-31T17:53:30 NZDT" duration-ms="3566" status="PASS">
          <reporter-output>
          </reporter-output>
        </test-method> <!-- launchApplication -->
        <test-method signature="TaskCreationTest(java.lang.Object)[pri:0, instance:tests.TestCase@7ed9ae94]" started-at="2023-03-31T17:53:30 NZDT" name="TaskCreationTest" data-provider="taskCreationData" finished-at="2023-03-31T17:54:05 NZDT" duration-ms="34881" status="FAIL">
          <params>
            <param index="0">
              <value>
                <![CDATA[{UserName=admin@admin.com, TaskPriority=Medum, Sr No=1, Label=Task, AttachmentFilePath=G:\1. My Cources\Test Case.docx, ProjectToCreateTaskUnder=New Development - Internal WebSite, TaskStatus=Open, EndDate=2020-09-29, Test Case Name=CreateTask with Open Status, StartDate=2020-09-28, TaskName=dev1, TaskType=Change Priority Rate (Hourly rate $25.00), Test Case Description=, Password=Orange@9999, CurrentProgress=0.05}]]>
              </value>
            </param>
          </params>
          <exception class="org.openqa.selenium.NoSuchElementException">
            <message>
              <![CDATA[no such element: Unable to locate element: {"method":"css selector","selector":"#search_menu"}
  (Session info: chrome=111.0.5563.112)
For documentation on this error, please visit: https://selenium.dev/exceptions/#no_such_element
Build info: version: '4.8.1', revision: '8ebccac989'
System info: os.name: 'Windows 10', os.arch: 'amd64', os.version: '10.0', java.version: '17.0.4'
Driver info: org.openqa.selenium.chrome.ChromeDriver
Command: [c061f96e341ce459521795671caa800c, findElement {using=id, value=search_menu}]
Capabilities {acceptInsecureCerts: false, browserName: chrome, browserVersion: 111.0.5563.112, chrome: {chromedriverVersion: 111.0.5563.64 (c710e93d5b63..., userDataDir: C:\Users\psati\AppData\Loca...}, goog:chromeOptions: {debuggerAddress: localhost:51295}, networkConnectionEnabled: false, pageLoadStrategy: normal, platformName: WINDOWS, proxy: Proxy(), se:cdp: ws://localhost:51295/devtoo..., se:cdpVersion: 111.0.5563.112, setWindowRect: true, strictFileInteractability: false, timeouts: {implicit: 0, pageLoad: 300000, script: 30000}, unhandledPromptBehavior: dismiss and notify, webauthn:extension:credBlob: true, webauthn:extension:largeBlob: true, webauthn:extension:minPinLength: true, webauthn:extension:prf: true, webauthn:virtualAuthenticators: true}
Session ID: c061f96e341ce459521795671caa800c]]>
            </message>
            <full-stacktrace>
              <![CDATA[org.openqa.selenium.NoSuchElementException: no such element: Unable to locate element: {"method":"css selector","selector":"#search_menu"}
  (Session info: chrome=111.0.5563.112)
For documentation on this error, please visit: https://selenium.dev/exceptions/#no_such_element
Build info: version: '4.8.1', revision: '8ebccac989'
System info: os.name: 'Windows 10', os.arch: 'amd64', os.version: '10.0', java.version: '17.0.4'
Driver info: org.openqa.selenium.chrome.ChromeDriver
Command: [c061f96e341ce459521795671caa800c, findElement {using=id, value=search_menu}]
Capabilities {acceptInsecureCerts: false, browserName: chrome, browserVersion: 111.0.5563.112, chrome: {chromedriverVersion: 111.0.5563.64 (c710e93d5b63..., userDataDir: C:\Users\psati\AppData\Loca...}, goog:chromeOptions: {debuggerAddress: localhost:51295}, networkConnectionEnabled: false, pageLoadStrategy: normal, platformName: WINDOWS, proxy: Proxy(), se:cdp: ws://localhost:51295/devtoo..., se:cdpVersion: 111.0.5563.112, setWindowRect: true, strictFileInteractability: false, timeouts: {implicit: 0, pageLoad: 300000, script: 30000}, unhandledPromptBehavior: dismiss and notify, webauthn:extension:credBlob: true, webauthn:extension:largeBlob: true, webauthn:extension:minPinLength: true, webauthn:extension:prf: true, webauthn:virtualAuthenticators: true}
Session ID: c061f96e341ce459521795671caa800c
at java.base/jdk.internal.reflect.NativeConstructorAccessorImpl.newInstance0(Native Method)
at java.base/jdk.internal.reflect.NativeConstructorAccessorImpl.newInstance(NativeConstructorAccessorImpl.java:77)
at java.base/jdk.internal.reflect.DelegatingConstructorAccessorImpl.newInstance(DelegatingConstructorAccessorImpl.java:45)
at java.base/java.lang.reflect.Constructor.newInstanceWithCaller(Constructor.java:499)
at java.base/java.lang.reflect.Constructor.newInstance(Constructor.java:480)
at org.openqa.selenium.remote.codec.w3c.W3CHttpResponseCodec.createException(W3CHttpResponseCodec.java:200)
at org.openqa.selenium.remote.codec.w3c.W3CHttpResponseCodec.decode(W3CHttpResponseCodec.java:133)
at org.openqa.selenium.remote.codec.w3c.W3CHttpResponseCodec.decode(W3CHttpResponseCodec.java:53)
at org.openqa.selenium.remote.HttpCommandExecutor.execute(HttpCommandExecutor.java:184)
at org.openqa.selenium.remote.service.DriverCommandExecutor.invokeExecute(DriverCommandExecutor.java:167)
at org.openqa.selenium.remote.service.DriverCommandExecutor.execute(DriverCommandExecutor.java:142)
at org.openqa.selenium.remote.RemoteWebDriver.execute(RemoteWebDriver.java:543)
at org.openqa.selenium.remote.ElementLocation$ElementFinder$2.findElement(ElementLocation.java:162)
at org.openqa.selenium.remote.ElementLocation.findElement(ElementLocation.java:60)
at org.openqa.selenium.remote.RemoteWebDriver.findElement(RemoteWebDriver.java:352)
at org.openqa.selenium.remote.RemoteWebDriver.findElement(RemoteWebDriver.java:344)
at pageObjects.TaskPageObjects.search_Verify_TaskCreatedOnUI(TaskPageObjects.java:47)
at tests.TestCase.TaskCreationTest(TestCase.java:42)
at java.base/jdk.internal.reflect.NativeMethodAccessorImpl.invoke0(Native Method)
at java.base/jdk.internal.reflect.NativeMethodAccessorImpl.invoke(NativeMethodAccessorImpl.java:77)
at java.base/jdk.internal.reflect.DelegatingMethodAccessorImpl.invoke(DelegatingMethodAccessorImpl.java:43)
at java.base/java.lang.reflect.Method.invoke(Method.java:568)
at org.testng.internal.invokers.MethodInvocationHelper.invokeMethod(MethodInvocationHelper.java:139)
at org.testng.internal.invokers.TestInvoker.invokeMethod(TestInvoker.java:677)
at org.testng.internal.invokers.TestInvoker.invokeTestMethod(TestInvoker.java:221)
at org.testng.internal.invokers.MethodRunner.runInSequence(MethodRunner.java:50)
at org.testng.internal.invokers.TestInvoker$MethodInvocationAgent.invoke(TestInvoker.java:962)
at org.testng.internal.invokers.TestInvoker.invokeTestMethods(TestInvoker.java:194)
at org.testng.internal.invokers.TestMethodWorker.invokeTestMethods(TestMethodWorker.java:148)
at org.testng.internal.invokers.TestMethodWorker.run(TestMethodWorker.java:128)
at java.base/java.util.concurrent.ThreadPoolExecutor.runWorker(ThreadPoolExecutor.java:1136)
at java.base/java.util.concurrent.ThreadPoolExecutor$Worker.run(ThreadPoolExecutor.java:635)
at java.base/java.lang.Thread.run(Thread.java:833)
]]>
            </full-stacktrace>
          </exception> <!-- org.openqa.selenium.NoSuchElementException -->
          <reporter-output>
          </reporter-output>
        </test-method> <!-- TaskCreationTest -->
        <test-method is-config="true" signature="tearDown()[pri:0, instance:tests.TestCase@7ed9ae94]" started-at="2023-03-31T17:54:05 NZDT" name="tearDown" finished-at="2023-03-31T17:54:05 NZDT" duration-ms="1" status="PASS">
          <reporter-output>
          </reporter-output>
        </test-method> <!-- tearDown -->
        <test-method is-config="true" signature="launchApplication()[pri:0, instance:tests.TestCase@7ed9ae94]" started-at="2023-03-31T17:54:05 NZDT" name="launchApplication" finished-at="2023-03-31T17:54:07 NZDT" duration-ms="2442" status="PASS">
          <reporter-output>
          </reporter-output>
        </test-method> <!-- launchApplication -->
        <test-method signature="TaskCreationTest(java.lang.Object)[pri:0, instance:tests.TestCase@7ed9ae94]" started-at="2023-03-31T17:54:07 NZDT" name="TaskCreationTest" data-provider="taskCreationData" finished-at="2023-03-31T17:54:17 NZDT" duration-ms="9444" status="PASS">
          <params>
            <param index="0">
              <value>
                <![CDATA[{UserName=admin@admin.com, TaskPriority=Urgent, Sr No=2, Label=Bug, AttachmentFilePath=G:\1. My Cources\Test Case.docx, ProjectToCreateTaskUnder=Maintenance work - Client CTX - Tremox XT5, TaskStatus=Re-opened, EndDate=2020-09-30, Test Case Name=Create Defect wtith Reopen Status, StartDate=2020-09-28, TaskName=dev2, TaskType=Defects (Hourly rate $0.00), Test Case Description=, Password=Orange@9999, CurrentProgress=0.95}]]>
              </value>
            </param>
          </params>
          <reporter-output>
          </reporter-output>
        </test-method> <!-- TaskCreationTest -->
        <test-method is-config="true" signature="tearDown()[pri:0, instance:tests.TestCase@7ed9ae94]" started-at="2023-03-31T17:54:17 NZDT" name="tearDown" finished-at="2023-03-31T17:54:17 NZDT" duration-ms="1" status="PASS">
          <reporter-output>
          </reporter-output>
        </test-method> <!-- tearDown -->
      </class> <!-- tests.TestCase -->
    </test> <!-- tests -->
  </suite> <!-- Demo Web App test Suite -->
</testng-results>
